Analysis & Synthesis report for taturana_1
Mon Aug 22 15:50:18 2022
Quartus Prime Version 18.1.0 Build 625 09/12/2018 SJ Standard Edition


---------------------
; Table of Contents ;
---------------------
  1. Legal Notice
  2. Analysis & Synthesis Summary
  3. Analysis & Synthesis Settings
  4. Parallel Compilation
  5. Analysis & Synthesis Source Files Read
  6. Analysis & Synthesis Resource Usage Summary
  7. Analysis & Synthesis Resource Utilization by Entity
  8. User-Specified and Inferred Latches
  9. General Register Statistics
 10. Multiplexer Restructuring Statistics (Restructuring Performed)
 11. Parameter Settings for User Entity Instance: debounce:u1
 12. Parameter Settings for User Entity Instance: data:data_inst
 13. Parameter Settings for User Entity Instance: prog:prog_inst
 14. Parameter Settings for User Entity Instance: periph:periph_inst
 15. Parameter Settings for User Entity Instance: debounce:u2
 16. Post-Synthesis Netlist Statistics for Top Partition
 17. Elapsed Time Per Partition
 18. Analysis & Synthesis Messages



----------------
; Legal Notice ;
----------------
Copyright (C) 2018  Intel Corporation. All rights reserved.
Your use of Intel Corporation's design tools, logic functions 
and other software and tools, and its AMPP partner logic 
functions, and any output files from any of the foregoing 
(including device programming or simulation files), and any 
associated documentation or information are expressly subject 
to the terms and conditions of the Intel Program License 
Subscription Agreement, the Intel Quartus Prime License Agreement,
the Intel FPGA IP License Agreement, or other applicable license
agreement, including, without limitation, that your use is for
the sole purpose of programming logic devices manufactured by
Intel and sold by Intel or its authorized distributors.  Please
refer to the applicable agreement for further details.



+--------------------------------------------------------------------------------------+
; Analysis & Synthesis Summary                                                         ;
+------------------------------------+-------------------------------------------------+
; Analysis & Synthesis Status        ; Successful - Mon Aug 22 15:50:18 2022           ;
; Quartus Prime Version              ; 18.1.0 Build 625 09/12/2018 SJ Standard Edition ;
; Revision Name                      ; taturana_1                                      ;
; Top-level Entity Name              ; taturana_1                                      ;
; Family                             ; MAX 10                                          ;
; Total logic elements               ; 571                                             ;
;     Total combinational functions  ; 567                                             ;
;     Dedicated logic registers      ; 95                                              ;
; Total registers                    ; 95                                              ;
; Total pins                         ; 42                                              ;
; Total virtual pins                 ; 0                                               ;
; Total memory bits                  ; 0                                               ;
; Embedded Multiplier 9-bit elements ; 0                                               ;
; Total PLLs                         ; 0                                               ;
; UFM blocks                         ; 0                                               ;
; ADC blocks                         ; 0                                               ;
+------------------------------------+-------------------------------------------------+


+------------------------------------------------------------------------------------------------------------+
; Analysis & Synthesis Settings                                                                              ;
+------------------------------------------------------------------+--------------------+--------------------+
; Option                                                           ; Setting            ; Default Value      ;
+------------------------------------------------------------------+--------------------+--------------------+
; Device                                                           ; 10M50DAF484C7G     ;                    ;
; Top-level entity name                                            ; taturana_1         ; taturana_1         ;
; Family name                                                      ; MAX 10             ; Cyclone V          ;
; Maximum processors allowed for parallel compilation              ; 4                  ;                    ;
; Use smart compilation                                            ; Off                ; Off                ;
; Enable parallel Assembler and Timing Analyzer during compilation ; On                 ; On                 ;
; Enable compact report table                                      ; Off                ; Off                ;
; Restructure Multiplexers                                         ; Auto               ; Auto               ;
; Create Debugging Nodes for IP Cores                              ; Off                ; Off                ;
; Preserve fewer node names                                        ; On                 ; On                 ;
; Intel FPGA IP Evaluation Mode                                    ; Enable             ; Enable             ;
; Verilog Version                                                  ; Verilog_2001       ; Verilog_2001       ;
; VHDL Version                                                     ; VHDL_1993          ; VHDL_1993          ;
; State Machine Processing                                         ; Auto               ; Auto               ;
; Safe State Machine                                               ; Off                ; Off                ;
; Extract Verilog State Machines                                   ; On                 ; On                 ;
; Extract VHDL State Machines                                      ; On                 ; On                 ;
; Ignore Verilog initial constructs                                ; Off                ; Off                ;
; Iteration limit for constant Verilog loops                       ; 5000               ; 5000               ;
; Iteration limit for non-constant Verilog loops                   ; 250                ; 250                ;
; Add Pass-Through Logic to Inferred RAMs                          ; On                 ; On                 ;
; Infer RAMs from Raw Logic                                        ; On                 ; On                 ;
; Parallel Synthesis                                               ; On                 ; On                 ;
; DSP Block Balancing                                              ; Auto               ; Auto               ;
; NOT Gate Push-Back                                               ; On                 ; On                 ;
; Power-Up Don't Care                                              ; On                 ; On                 ;
; Remove Redundant Logic Cells                                     ; Off                ; Off                ;
; Remove Duplicate Registers                                       ; On                 ; On                 ;
; Ignore CARRY Buffers                                             ; Off                ; Off                ;
; Ignore CASCADE Buffers                                           ; Off                ; Off                ;
; Ignore GLOBAL Buffers                                            ; Off                ; Off                ;
; Ignore ROW GLOBAL Buffers                                        ; Off                ; Off                ;
; Ignore LCELL Buffers                                             ; Off                ; Off                ;
; Ignore SOFT Buffers                                              ; On                 ; On                 ;
; Limit AHDL Integers to 32 Bits                                   ; Off                ; Off                ;
; Optimization Technique                                           ; Balanced           ; Balanced           ;
; Carry Chain Length                                               ; 70                 ; 70                 ;
; Auto Carry Chains                                                ; On                 ; On                 ;
; Auto Open-Drain Pins                                             ; On                 ; On                 ;
; Perform WYSIWYG Primitive Resynthesis                            ; Off                ; Off                ;
; Auto ROM Replacement                                             ; On                 ; On                 ;
; Auto RAM Replacement                                             ; On                 ; On                 ;
; Auto DSP Block Replacement                                       ; On                 ; On                 ;
; Auto Shift Register Replacement                                  ; Auto               ; Auto               ;
; Allow Shift Register Merging across Hierarchies                  ; Auto               ; Auto               ;
; Auto Clock Enable Replacement                                    ; On                 ; On                 ;
; Strict RAM Replacement                                           ; Off                ; Off                ;
; Allow Synchronous Control Signals                                ; On                 ; On                 ;
; Force Use of Synchronous Clear Signals                           ; Off                ; Off                ;
; Auto RAM Block Balancing                                         ; On                 ; On                 ;
; Auto RAM to Logic Cell Conversion                                ; Off                ; Off                ;
; Auto Resource Sharing                                            ; Off                ; Off                ;
; Allow Any RAM Size For Recognition                               ; Off                ; Off                ;
; Allow Any ROM Size For Recognition                               ; Off                ; Off                ;
; Allow Any Shift Register Size For Recognition                    ; Off                ; Off                ;
; Use LogicLock Constraints during Resource Balancing              ; On                 ; On                 ;
; Ignore translate_off and synthesis_off directives                ; Off                ; Off                ;
; Timing-Driven Synthesis                                          ; On                 ; On                 ;
; Report Parameter Settings                                        ; On                 ; On                 ;
; Report Source Assignments                                        ; On                 ; On                 ;
; Report Connectivity Checks                                       ; On                 ; On                 ;
; Ignore Maximum Fan-Out Assignments                               ; Off                ; Off                ;
; Synchronization Register Chain Length                            ; 2                  ; 2                  ;
; Power Optimization During Synthesis                              ; Normal compilation ; Normal compilation ;
; HDL message level                                                ; Level2             ; Level2             ;
; Suppress Register Optimization Related Messages                  ; Off                ; Off                ;
; Number of Removed Registers Reported in Synthesis Report         ; 5000               ; 5000               ;
; Number of Swept Nodes Reported in Synthesis Report               ; 5000               ; 5000               ;
; Number of Inverted Registers Reported in Synthesis Report        ; 100                ; 100                ;
; Clock MUX Protection                                             ; On                 ; On                 ;
; Auto Gated Clock Conversion                                      ; Off                ; Off                ;
; Block Design Naming                                              ; Auto               ; Auto               ;
; SDC constraint protection                                        ; Off                ; Off                ;
; Synthesis Effort                                                 ; Auto               ; Auto               ;
; Shift Register Replacement - Allow Asynchronous Clear Signal     ; On                 ; On                 ;
; Pre-Mapping Resynthesis Optimization                             ; Off                ; Off                ;
; Analysis & Synthesis Message Level                               ; Medium             ; Medium             ;
; Disable Register Merging Across Hierarchies                      ; Auto               ; Auto               ;
; Resource Aware Inference For Block RAM                           ; On                 ; On                 ;
+------------------------------------------------------------------+--------------------+--------------------+


+------------------------------------------+
; Parallel Compilation                     ;
+----------------------------+-------------+
; Processors                 ; Number      ;
+----------------------------+-------------+
; Number detected on machine ; 8           ;
; Maximum allowed            ; 4           ;
;                            ;             ;
; Average used               ; 1.00        ;
; Maximum used               ; 4           ;
;                            ;             ;
; Usage by Processor         ; % Time Used ;
;     Processor 1            ; 100.0%      ;
;     Processor 2            ;   0.0%      ;
;     Processors 3-4         ;   0.0%      ;
+----------------------------+-------------+


+------------------------------------------------------------------------------------------------------------------------------------+
; Analysis & Synthesis Source Files Read                                                                                             ;
+----------------------------------+-----------------+-----------------+---------------------------------------------------+---------+
; File Name with User-Entered Path ; Used in Netlist ; File Type       ; File Name with Absolute Path                      ; Library ;
+----------------------------------+-----------------+-----------------+---------------------------------------------------+---------+
; taturana_1.vhd                   ; yes             ; User VHDL File  ; C:/intelFPGA/Projetos/taturana_1/taturana_1.vhd   ;         ;
; periph.vhd                       ; yes             ; User VHDL File  ; C:/intelFPGA/Projetos/taturana_1/periph.vhd       ;         ;
; debounce.vhd                     ; yes             ; User VHDL File  ; C:/intelFPGA/Projetos/taturana_1/debounce.vhd     ;         ;
; taturana_cpu.vhd                 ; yes             ; User VHDL File  ; C:/intelFPGA/Projetos/taturana_1/taturana_cpu.vhd ;         ;
; prog.vhd                         ; yes             ; User VHDL File  ; C:/intelFPGA/Projetos/taturana_1/prog.vhd         ;         ;
; data.vhd                         ; yes             ; User VHDL File  ; C:/intelFPGA/Projetos/taturana_1/data.vhd         ;         ;
+----------------------------------+-----------------+-----------------+---------------------------------------------------+---------+


+-----------------------------------------------------------+
; Analysis & Synthesis Resource Usage Summary               ;
+---------------------------------------------+-------------+
; Resource                                    ; Usage       ;
+---------------------------------------------+-------------+
; Estimated Total logic elements              ; 571         ;
;                                             ;             ;
; Total combinational functions               ; 567         ;
; Logic element usage by number of LUT inputs ;             ;
;     -- 4 input functions                    ; 250         ;
;     -- 3 input functions                    ; 236         ;
;     -- <=2 input functions                  ; 81          ;
;                                             ;             ;
; Logic elements by mode                      ;             ;
;     -- normal mode                          ; 500         ;
;     -- arithmetic mode                      ; 67          ;
;                                             ;             ;
; Total registers                             ; 95          ;
;     -- Dedicated logic registers            ; 95          ;
;     -- I/O registers                        ; 0           ;
;                                             ;             ;
; I/O pins                                    ; 42          ;
;                                             ;             ;
; Embedded Multiplier 9-bit elements          ; 0           ;
;                                             ;             ;
; Maximum fan-out node                        ; clk50~input ;
; Maximum fan-out                             ; 72          ;
; Total fan-out                               ; 2186        ;
; Average fan-out                             ; 2.93        ;
+---------------------------------------------+-------------+


+------------------------------------------------------------------------------------------------------------------------------------------------------------------------------------------------------------------------------------------------+
; Analysis & Synthesis Resource Utilization by Entity                                                                                                                                                                                            ;
+----------------------------+---------------------+---------------------------+-------------+------------+--------------+---------+-----------+------+--------------+------------+--------------------------------+--------------+--------------+
; Compilation Hierarchy Node ; Combinational ALUTs ; Dedicated Logic Registers ; Memory Bits ; UFM Blocks ; DSP Elements ; DSP 9x9 ; DSP 18x18 ; Pins ; Virtual Pins ; ADC blocks ; Full Hierarchy Name            ; Entity Name  ; Library Name ;
+----------------------------+---------------------+---------------------------+-------------+------------+--------------+---------+-----------+------+--------------+------------+--------------------------------+--------------+--------------+
; |taturana_1                ; 567 (97)            ; 95 (30)                   ; 0           ; 0          ; 0            ; 0       ; 0         ; 42   ; 0            ; 0          ; |taturana_1                    ; taturana_1   ; work         ;
;    |data:data_inst|        ; 54 (54)             ; 0 (0)                     ; 0           ; 0          ; 0            ; 0       ; 0         ; 0    ; 0            ; 0          ; |taturana_1|data:data_inst     ; data         ; work         ;
;    |debounce:u1|           ; 43 (43)             ; 23 (23)                   ; 0           ; 0          ; 0            ; 0       ; 0         ; 0    ; 0            ; 0          ; |taturana_1|debounce:u1        ; debounce     ; work         ;
;    |debounce:u2|           ; 43 (43)             ; 23 (23)                   ; 0           ; 0          ; 0            ; 0       ; 0         ; 0    ; 0            ; 0          ; |taturana_1|debounce:u2        ; debounce     ; work         ;
;    |periph:periph_inst|    ; 31 (31)             ; 0 (0)                     ; 0           ; 0          ; 0            ; 0       ; 0         ; 0    ; 0            ; 0          ; |taturana_1|periph:periph_inst ; periph       ; work         ;
;    |prog:prog_inst|        ; 226 (226)           ; 0 (0)                     ; 0           ; 0          ; 0            ; 0       ; 0         ; 0    ; 0            ; 0          ; |taturana_1|prog:prog_inst     ; prog         ; work         ;
;    |taturana_cpu:cpu|      ; 73 (73)             ; 19 (19)                   ; 0           ; 0          ; 0            ; 0       ; 0         ; 0    ; 0            ; 0          ; |taturana_1|taturana_cpu:cpu   ; taturana_cpu ; work         ;
+----------------------------+---------------------+---------------------------+-------------+------------+--------------+---------+-----------+------+--------------+------------+--------------------------------+--------------+--------------+
Note: For table entries with two numbers listed, the numbers in parentheses indicate the number of resources of the given type used by the specific entity alone. The numbers listed outside of parentheses indicate the total resources of the given type used by the specific entity and all of its sub-entities in the hierarchy.


+-------------------------------------------------------------------------------------------------------------+
; User-Specified and Inferred Latches                                                                         ;
+------------------------------------------------------+-----------------------------+------------------------+
; Latch Name                                           ; Latch Enable Signal         ; Free of Timing Hazards ;
+------------------------------------------------------+-----------------------------+------------------------+
; periph:periph_inst|ram[5][0]                         ; periph:periph_inst|Decoder0 ; yes                    ;
; periph:periph_inst|ram[5][1]                         ; periph:periph_inst|Decoder0 ; yes                    ;
; periph:periph_inst|ram[5][2]                         ; periph:periph_inst|Decoder0 ; yes                    ;
; periph:periph_inst|ram[5][3]                         ; periph:periph_inst|Decoder0 ; yes                    ;
; periph:periph_inst|ram[4][0]                         ; periph:periph_inst|Decoder0 ; yes                    ;
; periph:periph_inst|ram[4][1]                         ; periph:periph_inst|Decoder0 ; yes                    ;
; periph:periph_inst|ram[4][2]                         ; periph:periph_inst|Decoder0 ; yes                    ;
; periph:periph_inst|ram[4][3]                         ; periph:periph_inst|Decoder0 ; yes                    ;
; prog:prog_inst|ram~44                                ; rtl~0                       ; yes                    ;
; prog:prog_inst|ram~76                                ; rtl~1                       ; yes                    ;
; prog:prog_inst|ram~12                                ; rtl~2                       ; yes                    ;
; prog:prog_inst|ram~108                               ; rtl~3                       ; yes                    ;
; prog:prog_inst|ram~84                                ; rtl~4                       ; yes                    ;
; prog:prog_inst|ram~52                                ; rtl~5                       ; yes                    ;
; prog:prog_inst|ram~20                                ; rtl~6                       ; yes                    ;
; prog:prog_inst|ram~116                               ; rtl~7                       ; yes                    ;
; prog:prog_inst|ram~68                                ; rtl~8                       ; yes                    ;
; prog:prog_inst|ram~36                                ; rtl~9                       ; yes                    ;
; prog:prog_inst|ram~4                                 ; rtl~10                      ; yes                    ;
; prog:prog_inst|ram~100                               ; rtl~11                      ; yes                    ;
; prog:prog_inst|ram~60                                ; rtl~12                      ; yes                    ;
; prog:prog_inst|ram~92                                ; rtl~13                      ; yes                    ;
; prog:prog_inst|ram~28                                ; rtl~14                      ; yes                    ;
; prog:prog_inst|ram~124                               ; rtl~15                      ; yes                    ;
; prog:prog_inst|ram~53                                ; rtl~5                       ; yes                    ;
; prog:prog_inst|ram~45                                ; rtl~0                       ; yes                    ;
; prog:prog_inst|ram~37                                ; rtl~9                       ; yes                    ;
; prog:prog_inst|ram~61                                ; rtl~12                      ; yes                    ;
; prog:prog_inst|ram~77                                ; rtl~1                       ; yes                    ;
; prog:prog_inst|ram~85                                ; rtl~4                       ; yes                    ;
; prog:prog_inst|ram~69                                ; rtl~8                       ; yes                    ;
; prog:prog_inst|ram~93                                ; rtl~13                      ; yes                    ;
; prog:prog_inst|ram~13                                ; rtl~2                       ; yes                    ;
; prog:prog_inst|ram~21                                ; rtl~6                       ; yes                    ;
; prog:prog_inst|ram~5                                 ; rtl~10                      ; yes                    ;
; prog:prog_inst|ram~29                                ; rtl~14                      ; yes                    ;
; prog:prog_inst|ram~117                               ; rtl~7                       ; yes                    ;
; prog:prog_inst|ram~109                               ; rtl~3                       ; yes                    ;
; prog:prog_inst|ram~101                               ; rtl~11                      ; yes                    ;
; prog:prog_inst|ram~125                               ; rtl~15                      ; yes                    ;
; prog:prog_inst|ram~54                                ; rtl~5                       ; yes                    ;
; prog:prog_inst|ram~86                                ; rtl~4                       ; yes                    ;
; prog:prog_inst|ram~22                                ; rtl~6                       ; yes                    ;
; prog:prog_inst|ram~118                               ; rtl~7                       ; yes                    ;
; prog:prog_inst|ram~78                                ; rtl~1                       ; yes                    ;
; prog:prog_inst|ram~46                                ; rtl~0                       ; yes                    ;
; prog:prog_inst|ram~14                                ; rtl~2                       ; yes                    ;
; prog:prog_inst|ram~110                               ; rtl~3                       ; yes                    ;
; prog:prog_inst|ram~38                                ; rtl~9                       ; yes                    ;
; prog:prog_inst|ram~70                                ; rtl~8                       ; yes                    ;
; prog:prog_inst|ram~6                                 ; rtl~10                      ; yes                    ;
; prog:prog_inst|ram~102                               ; rtl~11                      ; yes                    ;
; prog:prog_inst|ram~94                                ; rtl~13                      ; yes                    ;
; prog:prog_inst|ram~62                                ; rtl~12                      ; yes                    ;
; prog:prog_inst|ram~30                                ; rtl~14                      ; yes                    ;
; prog:prog_inst|ram~126                               ; rtl~15                      ; yes                    ;
; prog:prog_inst|ram~87                                ; rtl~4                       ; yes                    ;
; prog:prog_inst|ram~79                                ; rtl~1                       ; yes                    ;
; prog:prog_inst|ram~71                                ; rtl~8                       ; yes                    ;
; prog:prog_inst|ram~95                                ; rtl~13                      ; yes                    ;
; prog:prog_inst|ram~47                                ; rtl~0                       ; yes                    ;
; prog:prog_inst|ram~55                                ; rtl~5                       ; yes                    ;
; prog:prog_inst|ram~39                                ; rtl~9                       ; yes                    ;
; prog:prog_inst|ram~63                                ; rtl~12                      ; yes                    ;
; prog:prog_inst|ram~23                                ; rtl~6                       ; yes                    ;
; prog:prog_inst|ram~15                                ; rtl~2                       ; yes                    ;
; prog:prog_inst|ram~7                                 ; rtl~10                      ; yes                    ;
; prog:prog_inst|ram~31                                ; rtl~14                      ; yes                    ;
; prog:prog_inst|ram~111                               ; rtl~3                       ; yes                    ;
; prog:prog_inst|ram~119                               ; rtl~7                       ; yes                    ;
; prog:prog_inst|ram~103                               ; rtl~11                      ; yes                    ;
; prog:prog_inst|ram~127                               ; rtl~15                      ; yes                    ;
; prog:prog_inst|ram~40                                ; rtl~0                       ; yes                    ;
; prog:prog_inst|ram~72                                ; rtl~1                       ; yes                    ;
; prog:prog_inst|ram~8                                 ; rtl~2                       ; yes                    ;
; prog:prog_inst|ram~104                               ; rtl~3                       ; yes                    ;
; prog:prog_inst|ram~80                                ; rtl~4                       ; yes                    ;
; prog:prog_inst|ram~48                                ; rtl~5                       ; yes                    ;
; prog:prog_inst|ram~16                                ; rtl~6                       ; yes                    ;
; prog:prog_inst|ram~112                               ; rtl~7                       ; yes                    ;
; prog:prog_inst|ram~64                                ; rtl~8                       ; yes                    ;
; prog:prog_inst|ram~32                                ; rtl~9                       ; yes                    ;
; prog:prog_inst|ram~0                                 ; rtl~10                      ; yes                    ;
; prog:prog_inst|ram~96                                ; rtl~11                      ; yes                    ;
; prog:prog_inst|ram~56                                ; rtl~12                      ; yes                    ;
; prog:prog_inst|ram~88                                ; rtl~13                      ; yes                    ;
; prog:prog_inst|ram~24                                ; rtl~14                      ; yes                    ;
; prog:prog_inst|ram~120                               ; rtl~15                      ; yes                    ;
; prog:prog_inst|ram~49                                ; rtl~5                       ; yes                    ;
; prog:prog_inst|ram~41                                ; rtl~0                       ; yes                    ;
; prog:prog_inst|ram~33                                ; rtl~9                       ; yes                    ;
; prog:prog_inst|ram~57                                ; rtl~12                      ; yes                    ;
; prog:prog_inst|ram~73                                ; rtl~1                       ; yes                    ;
; prog:prog_inst|ram~81                                ; rtl~4                       ; yes                    ;
; prog:prog_inst|ram~65                                ; rtl~8                       ; yes                    ;
; prog:prog_inst|ram~89                                ; rtl~13                      ; yes                    ;
; prog:prog_inst|ram~9                                 ; rtl~2                       ; yes                    ;
; prog:prog_inst|ram~17                                ; rtl~6                       ; yes                    ;
; prog:prog_inst|ram~1                                 ; rtl~10                      ; yes                    ;
; prog:prog_inst|ram~25                                ; rtl~14                      ; yes                    ;
; Number of user-specified and inferred latches = 184  ;                             ;                        ;
+------------------------------------------------------+-----------------------------+------------------------+
Table restricted to first 100 entries. Note: All latches listed above may not be present at the end of synthesis due to various synthesis optimizations.


+------------------------------------------------------+
; General Register Statistics                          ;
+----------------------------------------------+-------+
; Statistic                                    ; Value ;
+----------------------------------------------+-------+
; Total registers                              ; 95    ;
; Number of registers using Synchronous Clear  ; 0     ;
; Number of registers using Synchronous Load   ; 0     ;
; Number of registers using Asynchronous Clear ; 42    ;
; Number of registers using Asynchronous Load  ; 0     ;
; Number of registers using Clock Enable       ; 18    ;
; Number of registers using Preset             ; 0     ;
+----------------------------------------------+-------+


+-------------------------------------------------------------------------------------------------------------------------------------------------------+
; Multiplexer Restructuring Statistics (Restructuring Performed)                                                                                        ;
+--------------------+-----------+---------------+----------------------+------------------------+------------+-----------------------------------------+
; Multiplexer Inputs ; Bus Width ; Baseline Area ; Area if Restructured ; Saving if Restructured ; Registered ; Example Multiplexer Output              ;
+--------------------+-----------+---------------+----------------------+------------------------+------------+-----------------------------------------+
; 3:1                ; 19 bits   ; 38 LEs        ; 19 LEs               ; 19 LEs                 ; Yes        ; |taturana_1|debounce:u2|counter_out[14] ;
; 3:1                ; 19 bits   ; 38 LEs        ; 19 LEs               ; 19 LEs                 ; Yes        ; |taturana_1|debounce:u1|counter_out[18] ;
; 3:1                ; 4 bits    ; 8 LEs         ; 4 LEs                ; 4 LEs                  ; Yes        ; |taturana_1|taturana_cpu:cpu|pc[3]      ;
; 1:1                ; 4 bits    ; 0 LEs         ; 0 LEs                ; 0 LEs                  ; No         ; |taturana_1|periph:periph_inst|Mux12    ;
; 5:1                ; 4 bits    ; 12 LEs        ; 8 LEs                ; 4 LEs                  ; No         ; |taturana_1|taturana_cpu:cpu|Selector1  ;
; 16:1               ; 4 bits    ; 40 LEs        ; 28 LEs               ; 12 LEs                 ; No         ; |taturana_1|taturana_cpu:cpu|alu_in[0]  ;
+--------------------+-----------+---------------+----------------------+------------------------+------------+-----------------------------------------+


+----------------------------------------------------------+
; Parameter Settings for User Entity Instance: debounce:u1 ;
+----------------+-------+---------------------------------+
; Parameter Name ; Value ; Type                            ;
+----------------+-------+---------------------------------+
; counter_size   ; 19    ; Signed Integer                  ;
+----------------+-------+---------------------------------+
Note: In order to hide this table in the UI and the text report file, please set the "Show Parameter Settings in Synthesis Report" option in "Analysis and Synthesis Settings -> More Settings" to "Off".


+-------------------------------------------------------------+
; Parameter Settings for User Entity Instance: data:data_inst ;
+----------------+-------+------------------------------------+
; Parameter Name ; Value ; Type                               ;
+----------------+-------+------------------------------------+
; data_width     ; 4     ; Signed Integer                     ;
; addr_width     ; 3     ; Signed Integer                     ;
+----------------+-------+------------------------------------+
Note: In order to hide this table in the UI and the text report file, please set the "Show Parameter Settings in Synthesis Report" option in "Analysis and Synthesis Settings -> More Settings" to "Off".


+-------------------------------------------------------------+
; Parameter Settings for User Entity Instance: prog:prog_inst ;
+----------------+-------+------------------------------------+
; Parameter Name ; Value ; Type                               ;
+----------------+-------+------------------------------------+
; data_width     ; 8     ; Signed Integer                     ;
; addr_width     ; 4     ; Signed Integer                     ;
+----------------+-------+------------------------------------+
Note: In order to hide this table in the UI and the text report file, please set the "Show Parameter Settings in Synthesis Report" option in "Analysis and Synthesis Settings -> More Settings" to "Off".


+-----------------------------------------------------------------+
; Parameter Settings for User Entity Instance: periph:periph_inst ;
+----------------+-------+----------------------------------------+
; Parameter Name ; Value ; Type                                   ;
+----------------+-------+----------------------------------------+
; data_width     ; 4     ; Signed Integer                         ;
; addr_width     ; 3     ; Signed Integer                         ;
+----------------+-------+----------------------------------------+
Note: In order to hide this table in the UI and the text report file, please set the "Show Parameter Settings in Synthesis Report" option in "Analysis and Synthesis Settings -> More Settings" to "Off".


+----------------------------------------------------------+
; Parameter Settings for User Entity Instance: debounce:u2 ;
+----------------+-------+---------------------------------+
; Parameter Name ; Value ; Type                            ;
+----------------+-------+---------------------------------+
; counter_size   ; 19    ; Signed Integer                  ;
+----------------+-------+---------------------------------+
Note: In order to hide this table in the UI and the text report file, please set the "Show Parameter Settings in Synthesis Report" option in "Analysis and Synthesis Settings -> More Settings" to "Off".


+-----------------------------------------------------+
; Post-Synthesis Netlist Statistics for Top Partition ;
+-----------------------+-----------------------------+
; Type                  ; Count                       ;
+-----------------------+-----------------------------+
; boundary_port         ; 42                          ;
; cycloneiii_ff         ; 95                          ;
;     CLR               ; 30                          ;
;     ENA               ; 6                           ;
;     ENA CLR           ; 12                          ;
;     plain             ; 47                          ;
; cycloneiii_lcell_comb ; 570                         ;
;     arith             ; 67                          ;
;         2 data inputs ; 62                          ;
;         3 data inputs ; 5                           ;
;     normal            ; 503                         ;
;         1 data inputs ; 8                           ;
;         2 data inputs ; 14                          ;
;         3 data inputs ; 231                         ;
;         4 data inputs ; 250                         ;
;                       ;                             ;
; Max LUT depth         ; 10.20                       ;
; Average LUT depth     ; 5.41                        ;
+-----------------------+-----------------------------+


+-------------------------------+
; Elapsed Time Per Partition    ;
+----------------+--------------+
; Partition Name ; Elapsed Time ;
+----------------+--------------+
; Top            ; 00:00:01     ;
+----------------+--------------+


+-------------------------------+
; Analysis & Synthesis Messages ;
+-------------------------------+
Info: *******************************************************************
Info: Running Quartus Prime Analysis & Synthesis
    Info: Version 18.1.0 Build 625 09/12/2018 SJ Standard Edition
    Info: Processing started: Mon Aug 22 15:49:57 2022
Info: Command: quartus_map --read_settings_files=on --write_settings_files=off taturana_1 -c taturana_1
Info (20032): Parallel compilation is enabled and will use up to 4 processors
Info (12021): Found 2 design units, including 1 entities, in source file taturana_1.vhd
    Info (12022): Found design unit 1: taturana_1-main File: C:/intelFPGA/Projetos/taturana_1/taturana_1.vhd Line: 22
    Info (12023): Found entity 1: taturana_1 File: C:/intelFPGA/Projetos/taturana_1/taturana_1.vhd Line: 5
Info (12021): Found 2 design units, including 1 entities, in source file periph.vhd
    Info (12022): Found design unit 1: periph-rtl File: C:/intelFPGA/Projetos/taturana_1/periph.vhd Line: 29
    Info (12023): Found entity 1: periph File: C:/intelFPGA/Projetos/taturana_1/periph.vhd Line: 8
Info (12021): Found 2 design units, including 1 entities, in source file debounce.vhd
    Info (12022): Found design unit 1: debounce-hardware File: C:/intelFPGA/Projetos/taturana_1/debounce.vhd Line: 28
    Info (12023): Found entity 1: debounce File: C:/intelFPGA/Projetos/taturana_1/debounce.vhd Line: 8
Info (12021): Found 2 design units, including 1 entities, in source file taturana_cpu.vhd
    Info (12022): Found design unit 1: taturana_cpu-main File: C:/intelFPGA/Projetos/taturana_1/taturana_cpu.vhd Line: 51
    Info (12023): Found entity 1: taturana_cpu File: C:/intelFPGA/Projetos/taturana_1/taturana_cpu.vhd Line: 33
Info (12021): Found 2 design units, including 1 entities, in source file single_port_ram.vhd
    Info (12022): Found design unit 1: single_port_ram-rtl File: C:/intelFPGA/Projetos/taturana_1/single_port_ram.vhd Line: 26
    Info (12023): Found entity 1: single_port_ram File: C:/intelFPGA/Projetos/taturana_1/single_port_ram.vhd Line: 7
Info (12021): Found 2 design units, including 1 entities, in source file prog.vhd
    Info (12022): Found design unit 1: prog-rtl File: C:/intelFPGA/Projetos/taturana_1/prog.vhd Line: 27
    Info (12023): Found entity 1: prog File: C:/intelFPGA/Projetos/taturana_1/prog.vhd Line: 8
Info (12021): Found 2 design units, including 1 entities, in source file data.vhd
    Info (12022): Found design unit 1: data-rtl File: C:/intelFPGA/Projetos/taturana_1/data.vhd Line: 27
    Info (12023): Found entity 1: data File: C:/intelFPGA/Projetos/taturana_1/data.vhd Line: 8
Info (12127): Elaborating entity "taturana_1" for the top level hierarchy
Info (12128): Elaborating entity "debounce" for hierarchy "debounce:u1" File: C:/intelFPGA/Projetos/taturana_1/taturana_1.vhd Line: 187
Info (12128): Elaborating entity "taturana_cpu" for hierarchy "taturana_cpu:cpu" File: C:/intelFPGA/Projetos/taturana_1/taturana_1.vhd Line: 207
Info (12128): Elaborating entity "data" for hierarchy "data:data_inst" File: C:/intelFPGA/Projetos/taturana_1/taturana_1.vhd Line: 220
Info (12128): Elaborating entity "prog" for hierarchy "prog:prog_inst" File: C:/intelFPGA/Projetos/taturana_1/taturana_1.vhd Line: 235
Info (12128): Elaborating entity "periph" for hierarchy "periph:periph_inst" File: C:/intelFPGA/Projetos/taturana_1/taturana_1.vhd Line: 251
Warning (10631): VHDL Process Statement warning at periph.vhd(41): inferring latch(es) for signal or variable "ram", which holds its previous value in one or more paths through the process File: C:/intelFPGA/Projetos/taturana_1/periph.vhd Line: 41
Info (10041): Inferred latch for "ram[5][0]" at periph.vhd(41) File: C:/intelFPGA/Projetos/taturana_1/periph.vhd Line: 41
Info (10041): Inferred latch for "ram[5][1]" at periph.vhd(41) File: C:/intelFPGA/Projetos/taturana_1/periph.vhd Line: 41
Info (10041): Inferred latch for "ram[5][2]" at periph.vhd(41) File: C:/intelFPGA/Projetos/taturana_1/periph.vhd Line: 41
Info (10041): Inferred latch for "ram[5][3]" at periph.vhd(41) File: C:/intelFPGA/Projetos/taturana_1/periph.vhd Line: 41
Info (10041): Inferred latch for "ram[4][0]" at periph.vhd(41) File: C:/intelFPGA/Projetos/taturana_1/periph.vhd Line: 41
Info (10041): Inferred latch for "ram[4][1]" at periph.vhd(41) File: C:/intelFPGA/Projetos/taturana_1/periph.vhd Line: 41
Info (10041): Inferred latch for "ram[4][2]" at periph.vhd(41) File: C:/intelFPGA/Projetos/taturana_1/periph.vhd Line: 41
Info (10041): Inferred latch for "ram[4][3]" at periph.vhd(41) File: C:/intelFPGA/Projetos/taturana_1/periph.vhd Line: 41
Info (10041): Inferred latch for "ram[3][0]" at periph.vhd(41) File: C:/intelFPGA/Projetos/taturana_1/periph.vhd Line: 41
Info (10041): Inferred latch for "ram[3][1]" at periph.vhd(41) File: C:/intelFPGA/Projetos/taturana_1/periph.vhd Line: 41
Info (10041): Inferred latch for "ram[3][2]" at periph.vhd(41) File: C:/intelFPGA/Projetos/taturana_1/periph.vhd Line: 41
Info (10041): Inferred latch for "ram[3][3]" at periph.vhd(41) File: C:/intelFPGA/Projetos/taturana_1/periph.vhd Line: 41
Info (10041): Inferred latch for "ram[2][0]" at periph.vhd(41) File: C:/intelFPGA/Projetos/taturana_1/periph.vhd Line: 41
Info (10041): Inferred latch for "ram[2][1]" at periph.vhd(41) File: C:/intelFPGA/Projetos/taturana_1/periph.vhd Line: 41
Info (10041): Inferred latch for "ram[2][2]" at periph.vhd(41) File: C:/intelFPGA/Projetos/taturana_1/periph.vhd Line: 41
Info (10041): Inferred latch for "ram[2][3]" at periph.vhd(41) File: C:/intelFPGA/Projetos/taturana_1/periph.vhd Line: 41
Info (10041): Inferred latch for "ram[1][0]" at periph.vhd(41) File: C:/intelFPGA/Projetos/taturana_1/periph.vhd Line: 41
Info (10041): Inferred latch for "ram[1][1]" at periph.vhd(41) File: C:/intelFPGA/Projetos/taturana_1/periph.vhd Line: 41
Info (10041): Inferred latch for "ram[1][2]" at periph.vhd(41) File: C:/intelFPGA/Projetos/taturana_1/periph.vhd Line: 41
Info (10041): Inferred latch for "ram[1][3]" at periph.vhd(41) File: C:/intelFPGA/Projetos/taturana_1/periph.vhd Line: 41
Info (10041): Inferred latch for "ram[0][0]" at periph.vhd(41) File: C:/intelFPGA/Projetos/taturana_1/periph.vhd Line: 41
Info (10041): Inferred latch for "ram[0][1]" at periph.vhd(41) File: C:/intelFPGA/Projetos/taturana_1/periph.vhd Line: 41
Info (10041): Inferred latch for "ram[0][2]" at periph.vhd(41) File: C:/intelFPGA/Projetos/taturana_1/periph.vhd Line: 41
Info (10041): Inferred latch for "ram[0][3]" at periph.vhd(41) File: C:/intelFPGA/Projetos/taturana_1/periph.vhd Line: 41
Warning (19016): Clock multiplexers are found and protected
    Warning (19017): Found clock multiplexer sys_clk File: C:/intelFPGA/Projetos/taturana_1/taturana_1.vhd Line: 141
Info (286030): Timing-Driven Synthesis is running
Info (16010): Generating hard_block partition "hard_block:auto_generated_inst"
    Info (16011): Adding 0 node(s), including 0 DDIO, 0 PLL, 0 transceiver and 0 LCELL
Info (21057): Implemented 642 device resources after synthesis - the final resource count might be different
    Info (21058): Implemented 13 input pins
    Info (21059): Implemented 29 output pins
    Info (21061): Implemented 600 logic cells
Info: Quartus Prime Analysis & Synthesis was successful. 0 errors, 3 warnings
    Info: Peak virtual memory: 4807 megabytes
    Info: Processing ended: Mon Aug 22 15:50:18 2022
    Info: Elapsed time: 00:00:21
    Info: Total CPU time (on all processors): 00:00:36


